2025-04-07 06:35:07,933 WARNING database DDL Query made to DB:
CREATE USER IF NOT EXISTS '_5a6c0b14cb4f7b40'@'%' IDENTIFIED BY 'IRIcc60gJsoLpQ6A'
2025-04-07 06:35:07,935 WARNING database DDL Query made to DB:
DROP DATABASE IF EXISTS `_5a6c0b14cb4f7b40`
2025-04-07 06:35:07,936 WARNING database DDL Query made to DB:
CREATE DATABASE `_5a6c0b14cb4f7b40` CHARACTER SET utf8mb4 COLLATE utf8mb4_unicode_ci
2025-04-07 06:35:08,019 WARNING database DDL Query made to DB:
create table if not exists `__Auth` (
				`doctype` VARCHAR(140) NOT NULL,
				`name` VARCHAR(255) NOT NULL,
				`fieldname` VARCHAR(140) NOT NULL,
				`password` TEXT NOT NULL,
				`encrypted` TINYINT NOT NULL DEFAULT 0,
				PRIMARY KEY (`doctype`, `name`, `fieldname`)
			) ENGINE=InnoDB ROW_FORMAT=DYNAMIC CHARACTER SET=utf8mb4 COLLATE=utf8mb4_unicode_ci
2025-04-07 06:35:08,021 WARNING database DDL Query made to DB:
create table __global_search(
				doctype varchar(100),
				name varchar(140),
				title varchar(140),
				content text,
				fulltext(content),
				route varchar(140),
				published TINYINT not null default 0,
				unique `doctype_name` (doctype, name))
				COLLATE=utf8mb4_unicode_ci
				ENGINE=MyISAM
				CHARACTER SET=utf8mb4
2025-04-07 06:35:08,022 WARNING database DDL Query made to DB:
create table if not exists __UserSettings (
			`user` VARCHAR(180) NOT NULL,
			`doctype` VARCHAR(180) NOT NULL,
			`data` TEXT,
			UNIQUE(user, doctype)
			) ENGINE=InnoDB DEFAULT CHARSET=utf8mb4 COLLATE=utf8mb4_unicode_ci
2025-04-07 06:35:08,335 WARNING database DDL Query made to DB:
create table `tabDocType State` (
			name varchar(140) primary key,
			creation datetime(6),
			modified datetime(6),
			modified_by varchar(140),
			owner varchar(140),
			docstatus tinyint not null default '0',
			idx int not null default '0',
			`title` varchar(140),
`color` varchar(140) DEFAULT 'Blue',
`custom` tinyint NOT NULL DEFAULT 0,
parent varchar(140),
parentfield varchar(140),
parenttype varchar(140),
index parent(parent))
			ENGINE=InnoDB
			ROW_FORMAT=DYNAMIC
			CHARACTER SET=utf8mb4
			COLLATE=utf8mb4_unicode_ci
2025-04-07 06:35:08,437 WARNING database DDL Query made to DB:
ALTER TABLE `tabDocField` ADD COLUMN `non_negative` tinyint NOT NULL DEFAULT 0, ADD COLUMN `is_virtual` tinyint NOT NULL DEFAULT 0, ADD COLUMN `not_nullable` tinyint NOT NULL DEFAULT 0, ADD COLUMN `sort_options` tinyint NOT NULL DEFAULT 0, ADD COLUMN `link_filters` json, ADD COLUMN `fetch_from` text, ADD COLUMN `show_on_timeline` tinyint NOT NULL DEFAULT 0, ADD COLUMN `sticky` tinyint NOT NULL DEFAULT 0, ADD COLUMN `make_attachment_public` tinyint NOT NULL DEFAULT 0, ADD COLUMN `documentation_url` varchar(140), ADD COLUMN `placeholder` varchar(140)
2025-04-07 06:35:08,443 WARNING database DDL Query made to DB:
ALTER TABLE `tabDocField` MODIFY `in_filter` tinyint NOT NULL DEFAULT 0, MODIFY `depends_on` longtext, MODIFY `report_hide` tinyint NOT NULL DEFAULT 0, MODIFY `collapsible` tinyint NOT NULL DEFAULT 0, MODIFY `label` varchar(140), MODIFY `reqd` tinyint NOT NULL DEFAULT 0, MODIFY `width` varchar(10), MODIFY `search_index` tinyint NOT NULL DEFAULT 0, MODIFY `unique` tinyint NOT NULL DEFAULT 0, MODIFY `in_list_view` tinyint NOT NULL DEFAULT 0, MODIFY `fieldtype` varchar(140) DEFAULT 'Data', MODIFY `ignore_xss_filter` tinyint NOT NULL DEFAULT 0, MODIFY `oldfieldtype` varchar(140), MODIFY `permlevel` int NOT NULL DEFAULT 0, MODIFY `oldfieldname` varchar(140), MODIFY `allow_bulk_edit` tinyint NOT NULL DEFAULT 0, MODIFY `in_standard_filter` tinyint NOT NULL DEFAULT 0, MODIFY `set_only_once` tinyint NOT NULL DEFAULT 0, MODIFY `columns` int NOT NULL DEFAULT 0, MODIFY `in_preview` tinyint NOT NULL DEFAULT 0, MODIFY `precision` varchar(140), MODIFY `fieldname` varchar(140), MODIFY `fetch_if_empty` tinyint NOT NULL DEFAULT 0, MODIFY `length` int NOT NULL DEFAULT 0, MODIFY `allow_on_submit` tinyint NOT NULL DEFAULT 0, MODIFY `ignore_user_permissions` tinyint NOT NULL DEFAULT 0, MODIFY `hide_seconds` tinyint NOT NULL DEFAULT 0, MODIFY `hide_border` tinyint NOT NULL DEFAULT 0, MODIFY `read_only_depends_on` longtext, MODIFY `hide_days` tinyint NOT NULL DEFAULT 0, MODIFY `read_only` tinyint NOT NULL DEFAULT 0, MODIFY `mandatory_depends_on` longtext, MODIFY `collapsible_depends_on` longtext, MODIFY `show_dashboard` tinyint NOT NULL DEFAULT 0, MODIFY `print_width` varchar(10), MODIFY `in_global_search` tinyint NOT NULL DEFAULT 0, MODIFY `remember_last_selected_value` tinyint NOT NULL DEFAULT 0, MODIFY `print_hide_if_no_value` tinyint NOT NULL DEFAULT 0, MODIFY `print_hide` tinyint NOT NULL DEFAULT 0, MODIFY `no_copy` tinyint NOT NULL DEFAULT 0, MODIFY `translatable` tinyint NOT NULL DEFAULT 0, MODIFY `allow_in_quick_entry` tinyint NOT NULL DEFAULT 0, MODIFY `bold` tinyint NOT NULL DEFAULT 0, MODIFY `hidden` tinyint NOT NULL DEFAULT 0
2025-04-07 06:35:08,484 WARNING database DDL Query made to DB:
ALTER TABLE `tabDocPerm` ADD COLUMN `if_owner` tinyint NOT NULL DEFAULT 0, ADD COLUMN `select` tinyint NOT NULL DEFAULT 0
2025-04-07 08:59:27,662 WARNING database DDL Query made to DB:
CREATE USER IF NOT EXISTS '_2342c48f12b0d2b9'@'%' IDENTIFIED BY 'ms7AgJfnxgNn0YXh'
2025-04-07 08:59:27,667 WARNING database DDL Query made to DB:
DROP DATABASE IF EXISTS `_2342c48f12b0d2b9`
2025-04-07 08:59:27,670 WARNING database DDL Query made to DB:
CREATE DATABASE `_2342c48f12b0d2b9` CHARACTER SET utf8mb4 COLLATE utf8mb4_unicode_ci
2025-04-07 08:59:27,741 WARNING database DDL Query made to DB:
create table if not exists `__Auth` (
				`doctype` VARCHAR(140) NOT NULL,
				`name` VARCHAR(255) NOT NULL,
				`fieldname` VARCHAR(140) NOT NULL,
				`password` TEXT NOT NULL,
				`encrypted` TINYINT NOT NULL DEFAULT 0,
				PRIMARY KEY (`doctype`, `name`, `fieldname`)
			) ENGINE=InnoDB ROW_FORMAT=DYNAMIC CHARACTER SET=utf8mb4 COLLATE=utf8mb4_unicode_ci
2025-04-07 08:59:27,744 WARNING database DDL Query made to DB:
create table __global_search(
				doctype varchar(100),
				name varchar(140),
				title varchar(140),
				content text,
				fulltext(content),
				route varchar(140),
				published TINYINT not null default 0,
				unique `doctype_name` (doctype, name))
				COLLATE=utf8mb4_unicode_ci
				ENGINE=MyISAM
				CHARACTER SET=utf8mb4
2025-04-07 08:59:27,746 WARNING database DDL Query made to DB:
create table if not exists __UserSettings (
			`user` VARCHAR(180) NOT NULL,
			`doctype` VARCHAR(180) NOT NULL,
			`data` TEXT,
			UNIQUE(user, doctype)
			) ENGINE=InnoDB DEFAULT CHARSET=utf8mb4 COLLATE=utf8mb4_unicode_ci
2025-04-07 08:59:27,931 WARNING database DDL Query made to DB:
create table `tabDocType State` (
			name varchar(140) primary key,
			creation datetime(6),
			modified datetime(6),
			modified_by varchar(140),
			owner varchar(140),
			docstatus tinyint not null default '0',
			idx int not null default '0',
			`title` varchar(140),
`color` varchar(140) DEFAULT 'Blue',
`custom` tinyint NOT NULL DEFAULT 0,
parent varchar(140),
parentfield varchar(140),
parenttype varchar(140),
index parent(parent))
			ENGINE=InnoDB
			ROW_FORMAT=DYNAMIC
			CHARACTER SET=utf8mb4
			COLLATE=utf8mb4_unicode_ci
2025-04-07 08:59:27,993 WARNING database DDL Query made to DB:
ALTER TABLE `tabDocField` ADD COLUMN `non_negative` tinyint NOT NULL DEFAULT 0, ADD COLUMN `is_virtual` tinyint NOT NULL DEFAULT 0, ADD COLUMN `not_nullable` tinyint NOT NULL DEFAULT 0, ADD COLUMN `sort_options` tinyint NOT NULL DEFAULT 0, ADD COLUMN `link_filters` json, ADD COLUMN `fetch_from` text, ADD COLUMN `show_on_timeline` tinyint NOT NULL DEFAULT 0, ADD COLUMN `sticky` tinyint NOT NULL DEFAULT 0, ADD COLUMN `make_attachment_public` tinyint NOT NULL DEFAULT 0, ADD COLUMN `documentation_url` varchar(140), ADD COLUMN `placeholder` varchar(140)
2025-04-07 09:42:41,146 WARNING database DDL Query made to DB:
CREATE USER IF NOT EXISTS '_beedfd426c94a603'@'%' IDENTIFIED BY 'lDtdrzqoXrrAZt7L'
2025-04-07 09:42:41,151 WARNING database DDL Query made to DB:
DROP DATABASE IF EXISTS `_beedfd426c94a603`
2025-04-07 09:42:41,152 WARNING database DDL Query made to DB:
CREATE DATABASE `_beedfd426c94a603` CHARACTER SET utf8mb4 COLLATE utf8mb4_unicode_ci
2025-04-07 09:42:41,249 WARNING database DDL Query made to DB:
create table if not exists `__Auth` (
				`doctype` VARCHAR(140) NOT NULL,
				`name` VARCHAR(255) NOT NULL,
				`fieldname` VARCHAR(140) NOT NULL,
				`password` TEXT NOT NULL,
				`encrypted` TINYINT NOT NULL DEFAULT 0,
				PRIMARY KEY (`doctype`, `name`, `fieldname`)
			) ENGINE=InnoDB ROW_FORMAT=DYNAMIC CHARACTER SET=utf8mb4 COLLATE=utf8mb4_unicode_ci
2025-04-07 09:42:41,253 WARNING database DDL Query made to DB:
create table __global_search(
				doctype varchar(100),
				name varchar(140),
				title varchar(140),
				content text,
				fulltext(content),
				route varchar(140),
				published TINYINT not null default 0,
				unique `doctype_name` (doctype, name))
				COLLATE=utf8mb4_unicode_ci
				ENGINE=MyISAM
				CHARACTER SET=utf8mb4
2025-04-07 09:42:41,255 WARNING database DDL Query made to DB:
create table if not exists __UserSettings (
			`user` VARCHAR(180) NOT NULL,
			`doctype` VARCHAR(180) NOT NULL,
			`data` TEXT,
			UNIQUE(user, doctype)
			) ENGINE=InnoDB DEFAULT CHARSET=utf8mb4 COLLATE=utf8mb4_unicode_ci
2025-04-07 09:42:41,551 WARNING database DDL Query made to DB:
create table `tabDocType State` (
			name varchar(140) primary key,
			creation datetime(6),
			modified datetime(6),
			modified_by varchar(140),
			owner varchar(140),
			docstatus tinyint not null default '0',
			idx int not null default '0',
			`title` varchar(140),
`color` varchar(140) DEFAULT 'Blue',
`custom` tinyint NOT NULL DEFAULT 0,
parent varchar(140),
parentfield varchar(140),
parenttype varchar(140),
index parent(parent))
			ENGINE=InnoDB
			ROW_FORMAT=DYNAMIC
			CHARACTER SET=utf8mb4
			COLLATE=utf8mb4_unicode_ci
2025-04-07 09:42:41,638 WARNING database DDL Query made to DB:
ALTER TABLE `tabDocField` ADD COLUMN `non_negative` tinyint NOT NULL DEFAULT 0, ADD COLUMN `is_virtual` tinyint NOT NULL DEFAULT 0, ADD COLUMN `not_nullable` tinyint NOT NULL DEFAULT 0, ADD COLUMN `sort_options` tinyint NOT NULL DEFAULT 0, ADD COLUMN `link_filters` json, ADD COLUMN `fetch_from` text, ADD COLUMN `show_on_timeline` tinyint NOT NULL DEFAULT 0, ADD COLUMN `sticky` tinyint NOT NULL DEFAULT 0, ADD COLUMN `make_attachment_public` tinyint NOT NULL DEFAULT 0, ADD COLUMN `documentation_url` varchar(140), ADD COLUMN `placeholder` varchar(140)
2025-04-07 10:02:14,456 WARNING database DDL Query made to DB:
alter table `tabDocType` add column if not exists migration_hash varchar(140)
2025-04-07 10:03:24,045 WARNING database DDL Query made to DB:
CREATE USER IF NOT EXISTS '_beedfd426c94a603'@'172.19.0.13' IDENTIFIED BY 'lDtdrzqoXrrAZt7L'
2025-04-07 10:03:24,084 WARNING database DDL Query made to DB:
DROP DATABASE IF EXISTS `_beedfd426c94a603`
2025-04-07 10:03:24,086 WARNING database DDL Query made to DB:
CREATE DATABASE `_beedfd426c94a603` CHARACTER SET utf8mb4 COLLATE utf8mb4_unicode_ci
2025-04-07 10:03:24,147 WARNING database DDL Query made to DB:
create table if not exists `__Auth` (
				`doctype` VARCHAR(140) NOT NULL,
				`name` VARCHAR(255) NOT NULL,
				`fieldname` VARCHAR(140) NOT NULL,
				`password` TEXT NOT NULL,
				`encrypted` TINYINT NOT NULL DEFAULT 0,
				PRIMARY KEY (`doctype`, `name`, `fieldname`)
			) ENGINE=InnoDB ROW_FORMAT=DYNAMIC CHARACTER SET=utf8mb4 COLLATE=utf8mb4_unicode_ci
2025-04-07 10:03:24,149 WARNING database DDL Query made to DB:
create table __global_search(
				doctype varchar(100),
				name varchar(140),
				title varchar(140),
				content text,
				fulltext(content),
				route varchar(140),
				published TINYINT not null default 0,
				unique `doctype_name` (doctype, name))
				COLLATE=utf8mb4_unicode_ci
				ENGINE=MyISAM
				CHARACTER SET=utf8mb4
2025-04-07 10:03:24,151 WARNING database DDL Query made to DB:
create table if not exists __UserSettings (
			`user` VARCHAR(180) NOT NULL,
			`doctype` VARCHAR(180) NOT NULL,
			`data` TEXT,
			UNIQUE(user, doctype)
			) ENGINE=InnoDB DEFAULT CHARSET=utf8mb4 COLLATE=utf8mb4_unicode_ci
2025-04-07 10:03:24,214 WARNING database DDL Query made to DB:
create table `tabDocType State` (
			name varchar(140) primary key,
			creation datetime(6),
			modified datetime(6),
			modified_by varchar(140),
			owner varchar(140),
			docstatus tinyint not null default '0',
			idx int not null default '0',
			`title` varchar(140),
`color` varchar(140) DEFAULT 'Blue',
`custom` tinyint NOT NULL DEFAULT 0,
parent varchar(140),
parentfield varchar(140),
parenttype varchar(140),
index parent(parent))
			ENGINE=InnoDB
			ROW_FORMAT=DYNAMIC
			CHARACTER SET=utf8mb4
			COLLATE=utf8mb4_unicode_ci
2025-04-07 10:03:24,271 WARNING database DDL Query made to DB:
ALTER TABLE `tabDocField` ADD COLUMN `non_negative` tinyint NOT NULL DEFAULT 0, ADD COLUMN `is_virtual` tinyint NOT NULL DEFAULT 0, ADD COLUMN `not_nullable` tinyint NOT NULL DEFAULT 0, ADD COLUMN `sort_options` tinyint NOT NULL DEFAULT 0, ADD COLUMN `link_filters` json, ADD COLUMN `fetch_from` text, ADD COLUMN `show_on_timeline` tinyint NOT NULL DEFAULT 0, ADD COLUMN `sticky` tinyint NOT NULL DEFAULT 0, ADD COLUMN `make_attachment_public` tinyint NOT NULL DEFAULT 0, ADD COLUMN `documentation_url` varchar(140), ADD COLUMN `placeholder` varchar(140)
2025-04-07 10:05:38,981 WARNING database DDL Query made to DB:
CREATE USER IF NOT EXISTS '_beedfd426c94a603'@'172.19.0.13' IDENTIFIED BY 'lDtdrzqoXrrAZt7L'
2025-04-07 10:05:39,029 WARNING database DDL Query made to DB:
DROP DATABASE IF EXISTS `_beedfd426c94a603`
2025-04-07 10:05:39,030 WARNING database DDL Query made to DB:
CREATE DATABASE `_beedfd426c94a603` CHARACTER SET utf8mb4 COLLATE utf8mb4_unicode_ci
2025-04-07 10:05:39,084 WARNING database DDL Query made to DB:
create table if not exists `__Auth` (
				`doctype` VARCHAR(140) NOT NULL,
				`name` VARCHAR(255) NOT NULL,
				`fieldname` VARCHAR(140) NOT NULL,
				`password` TEXT NOT NULL,
				`encrypted` TINYINT NOT NULL DEFAULT 0,
				PRIMARY KEY (`doctype`, `name`, `fieldname`)
			) ENGINE=InnoDB ROW_FORMAT=DYNAMIC CHARACTER SET=utf8mb4 COLLATE=utf8mb4_unicode_ci
2025-04-07 10:05:39,087 WARNING database DDL Query made to DB:
create table __global_search(
				doctype varchar(100),
				name varchar(140),
				title varchar(140),
				content text,
				fulltext(content),
				route varchar(140),
				published TINYINT not null default 0,
				unique `doctype_name` (doctype, name))
				COLLATE=utf8mb4_unicode_ci
				ENGINE=MyISAM
				CHARACTER SET=utf8mb4
2025-04-07 10:05:39,089 WARNING database DDL Query made to DB:
create table if not exists __UserSettings (
			`user` VARCHAR(180) NOT NULL,
			`doctype` VARCHAR(180) NOT NULL,
			`data` TEXT,
			UNIQUE(user, doctype)
			) ENGINE=InnoDB DEFAULT CHARSET=utf8mb4 COLLATE=utf8mb4_unicode_ci
2025-04-07 10:05:39,143 WARNING database DDL Query made to DB:
create table `tabDocType State` (
			name varchar(140) primary key,
			creation datetime(6),
			modified datetime(6),
			modified_by varchar(140),
			owner varchar(140),
			docstatus tinyint not null default '0',
			idx int not null default '0',
			`title` varchar(140),
`color` varchar(140) DEFAULT 'Blue',
`custom` tinyint NOT NULL DEFAULT 0,
parent varchar(140),
parentfield varchar(140),
parenttype varchar(140),
index parent(parent))
			ENGINE=InnoDB
			ROW_FORMAT=DYNAMIC
			CHARACTER SET=utf8mb4
			COLLATE=utf8mb4_unicode_ci
2025-04-07 10:05:39,202 WARNING database DDL Query made to DB:
ALTER TABLE `tabDocField` ADD COLUMN `non_negative` tinyint NOT NULL DEFAULT 0, ADD COLUMN `is_virtual` tinyint NOT NULL DEFAULT 0, ADD COLUMN `not_nullable` tinyint NOT NULL DEFAULT 0, ADD COLUMN `sort_options` tinyint NOT NULL DEFAULT 0, ADD COLUMN `link_filters` json, ADD COLUMN `fetch_from` text, ADD COLUMN `show_on_timeline` tinyint NOT NULL DEFAULT 0, ADD COLUMN `sticky` tinyint NOT NULL DEFAULT 0, ADD COLUMN `make_attachment_public` tinyint NOT NULL DEFAULT 0, ADD COLUMN `documentation_url` varchar(140), ADD COLUMN `placeholder` varchar(140)
2025-04-07 10:05:39,208 WARNING database DDL Query made to DB:
ALTER TABLE `tabDocField` MODIFY `show_dashboard` tinyint NOT NULL DEFAULT 0, MODIFY `oldfieldname` varchar(140), MODIFY `oldfieldtype` varchar(140), MODIFY `fieldtype` varchar(140) DEFAULT 'Data', MODIFY `fetch_if_empty` tinyint NOT NULL DEFAULT 0, MODIFY `hidden` tinyint NOT NULL DEFAULT 0, MODIFY `bold` tinyint NOT NULL DEFAULT 0, MODIFY `allow_in_quick_entry` tinyint NOT NULL DEFAULT 0, MODIFY `translatable` tinyint NOT NULL DEFAULT 0, MODIFY `print_hide` tinyint NOT NULL DEFAULT 0, MODIFY `print_hide_if_no_value` tinyint NOT NULL DEFAULT 0, MODIFY `report_hide` tinyint NOT NULL DEFAULT 0, MODIFY `depends_on` longtext, MODIFY `collapsible` tinyint NOT NULL DEFAULT 0, MODIFY `collapsible_depends_on` longtext, MODIFY `hide_border` tinyint NOT NULL DEFAULT 0, MODIFY `in_list_view` tinyint NOT NULL DEFAULT 0, MODIFY `in_standard_filter` tinyint NOT NULL DEFAULT 0, MODIFY `in_preview` tinyint NOT NULL DEFAULT 0, MODIFY `in_filter` tinyint NOT NULL DEFAULT 0, MODIFY `in_global_search` tinyint NOT NULL DEFAULT 0, MODIFY `read_only` tinyint NOT NULL DEFAULT 0, MODIFY `allow_on_submit` tinyint NOT NULL DEFAULT 0, MODIFY `ignore_user_permissions` tinyint NOT NULL DEFAULT 0, MODIFY `allow_bulk_edit` tinyint NOT NULL DEFAULT 0, MODIFY `permlevel` int NOT NULL DEFAULT 0, MODIFY `ignore_xss_filter` tinyint NOT NULL DEFAULT 0, MODIFY `unique` tinyint NOT NULL DEFAULT 0, MODIFY `length` int NOT NULL DEFAULT 0, MODIFY `no_copy` tinyint NOT NULL DEFAULT 0, MODIFY `label` varchar(140), MODIFY `set_only_once` tinyint NOT NULL DEFAULT 0, MODIFY `hide_seconds` tinyint NOT NULL DEFAULT 0, MODIFY `remember_last_selected_value` tinyint NOT NULL DEFAULT 0, MODIFY `hide_days` tinyint NOT NULL DEFAULT 0, MODIFY `mandatory_depends_on` longtext, MODIFY `precision` varchar(140), MODIFY `read_only_depends_on` longtext, MODIFY `fieldname` varchar(140), MODIFY `print_width` varchar(10), MODIFY `reqd` tinyint NOT NULL DEFAULT 0, MODIFY `width` varchar(10), MODIFY `search_index` tinyint NOT NULL DEFAULT 0, MODIFY `columns` int NOT NULL DEFAULT 0
2025-04-07 10:05:39,245 WARNING database DDL Query made to DB:
ALTER TABLE `tabDocPerm` ADD COLUMN `if_owner` tinyint NOT NULL DEFAULT 0, ADD COLUMN `select` tinyint NOT NULL DEFAULT 0
2025-04-07 10:10:28,542 WARNING database DDL Query made to DB:
alter table `tabDocType` add column if not exists migration_hash varchar(140)
2025-04-07 10:22:22,416 WARNING database DDL Query made to DB:
alter table `tabDocType` add column if not exists migration_hash varchar(140)
2025-04-07 10:23:55,551 WARNING database DDL Query made to DB:
CREATE USER IF NOT EXISTS '_beedfd426c94a603'@'172.19.0.6' IDENTIFIED BY 'lDtdrzqoXrrAZt7L'
2025-04-07 10:25:54,523 WARNING database DDL Query made to DB:
CREATE USER IF NOT EXISTS '_beedfd426c94a603'@'172.19.0.6' IDENTIFIED BY 'lDtdrzqoXrrAZt7L'
2025-04-07 10:25:54,526 WARNING database DDL Query made to DB:
DROP DATABASE IF EXISTS `_beedfd426c94a603`
2025-04-07 10:25:54,532 WARNING database DDL Query made to DB:
CREATE DATABASE `_beedfd426c94a603` CHARACTER SET utf8mb4 COLLATE utf8mb4_unicode_ci
2025-04-07 10:25:54,590 WARNING database DDL Query made to DB:
create table if not exists `__Auth` (
				`doctype` VARCHAR(140) NOT NULL,
				`name` VARCHAR(255) NOT NULL,
				`fieldname` VARCHAR(140) NOT NULL,
				`password` TEXT NOT NULL,
				`encrypted` TINYINT NOT NULL DEFAULT 0,
				PRIMARY KEY (`doctype`, `name`, `fieldname`)
			) ENGINE=InnoDB ROW_FORMAT=DYNAMIC CHARACTER SET=utf8mb4 COLLATE=utf8mb4_unicode_ci
2025-04-07 10:25:54,593 WARNING database DDL Query made to DB:
create table __global_search(
				doctype varchar(100),
				name varchar(140),
				title varchar(140),
				content text,
				fulltext(content),
				route varchar(140),
				published TINYINT not null default 0,
				unique `doctype_name` (doctype, name))
				COLLATE=utf8mb4_unicode_ci
				ENGINE=MyISAM
				CHARACTER SET=utf8mb4
2025-04-07 10:25:54,595 WARNING database DDL Query made to DB:
create table if not exists __UserSettings (
			`user` VARCHAR(180) NOT NULL,
			`doctype` VARCHAR(180) NOT NULL,
			`data` TEXT,
			UNIQUE(user, doctype)
			) ENGINE=InnoDB DEFAULT CHARSET=utf8mb4 COLLATE=utf8mb4_unicode_ci
2025-04-07 10:25:54,750 WARNING database DDL Query made to DB:
create table `tabDocType State` (
			name varchar(140) primary key,
			creation datetime(6),
			modified datetime(6),
			modified_by varchar(140),
			owner varchar(140),
			docstatus tinyint not null default '0',
			idx int not null default '0',
			`title` varchar(140),
`color` varchar(140) DEFAULT 'Blue',
`custom` tinyint NOT NULL DEFAULT 0,
parent varchar(140),
parentfield varchar(140),
parenttype varchar(140),
index parent(parent))
			ENGINE=InnoDB
			ROW_FORMAT=DYNAMIC
			CHARACTER SET=utf8mb4
			COLLATE=utf8mb4_unicode_ci
2025-04-07 10:25:54,817 WARNING database DDL Query made to DB:
ALTER TABLE `tabDocField` ADD COLUMN `non_negative` tinyint NOT NULL DEFAULT 0, ADD COLUMN `is_virtual` tinyint NOT NULL DEFAULT 0, ADD COLUMN `not_nullable` tinyint NOT NULL DEFAULT 0, ADD COLUMN `sort_options` tinyint NOT NULL DEFAULT 0, ADD COLUMN `link_filters` json, ADD COLUMN `fetch_from` text, ADD COLUMN `show_on_timeline` tinyint NOT NULL DEFAULT 0, ADD COLUMN `sticky` tinyint NOT NULL DEFAULT 0, ADD COLUMN `make_attachment_public` tinyint NOT NULL DEFAULT 0, ADD COLUMN `documentation_url` varchar(140), ADD COLUMN `placeholder` varchar(140)
2025-04-07 10:26:30,108 WARNING database DDL Query made to DB:
alter table `tabDocType` add column if not exists migration_hash varchar(140)
2025-04-07 10:30:20,120 WARNING database DDL Query made to DB:
CREATE USER IF NOT EXISTS '_4b3d7917894cc931'@'%' IDENTIFIED BY '7druQ9mnSBHSp0Hy'
2025-04-07 10:30:20,123 WARNING database DDL Query made to DB:
DROP DATABASE IF EXISTS `_4b3d7917894cc931`
2025-04-07 10:30:20,124 WARNING database DDL Query made to DB:
CREATE DATABASE `_4b3d7917894cc931` CHARACTER SET utf8mb4 COLLATE utf8mb4_unicode_ci
2025-04-07 10:30:20,190 WARNING database DDL Query made to DB:
create table if not exists `__Auth` (
				`doctype` VARCHAR(140) NOT NULL,
				`name` VARCHAR(255) NOT NULL,
				`fieldname` VARCHAR(140) NOT NULL,
				`password` TEXT NOT NULL,
				`encrypted` TINYINT NOT NULL DEFAULT 0,
				PRIMARY KEY (`doctype`, `name`, `fieldname`)
			) ENGINE=InnoDB ROW_FORMAT=DYNAMIC CHARACTER SET=utf8mb4 COLLATE=utf8mb4_unicode_ci
2025-04-07 10:30:20,193 WARNING database DDL Query made to DB:
create table __global_search(
				doctype varchar(100),
				name varchar(140),
				title varchar(140),
				content text,
				fulltext(content),
				route varchar(140),
				published TINYINT not null default 0,
				unique `doctype_name` (doctype, name))
				COLLATE=utf8mb4_unicode_ci
				ENGINE=MyISAM
				CHARACTER SET=utf8mb4
2025-04-07 10:30:20,195 WARNING database DDL Query made to DB:
create table if not exists __UserSettings (
			`user` VARCHAR(180) NOT NULL,
			`doctype` VARCHAR(180) NOT NULL,
			`data` TEXT,
			UNIQUE(user, doctype)
			) ENGINE=InnoDB DEFAULT CHARSET=utf8mb4 COLLATE=utf8mb4_unicode_ci
2025-04-07 10:30:20,460 WARNING database DDL Query made to DB:
create table `tabDocType State` (
			name varchar(140) primary key,
			creation datetime(6),
			modified datetime(6),
			modified_by varchar(140),
			owner varchar(140),
			docstatus tinyint not null default '0',
			idx int not null default '0',
			`title` varchar(140),
`color` varchar(140) DEFAULT 'Blue',
`custom` tinyint NOT NULL DEFAULT 0,
parent varchar(140),
parentfield varchar(140),
parenttype varchar(140),
index parent(parent))
			ENGINE=InnoDB
			ROW_FORMAT=DYNAMIC
			CHARACTER SET=utf8mb4
			COLLATE=utf8mb4_unicode_ci
2025-04-07 10:30:20,549 WARNING database DDL Query made to DB:
ALTER TABLE `tabDocField` ADD COLUMN `non_negative` tinyint NOT NULL DEFAULT 0, ADD COLUMN `is_virtual` tinyint NOT NULL DEFAULT 0, ADD COLUMN `not_nullable` tinyint NOT NULL DEFAULT 0, ADD COLUMN `sort_options` tinyint NOT NULL DEFAULT 0, ADD COLUMN `link_filters` json, ADD COLUMN `fetch_from` text, ADD COLUMN `show_on_timeline` tinyint NOT NULL DEFAULT 0, ADD COLUMN `sticky` tinyint NOT NULL DEFAULT 0, ADD COLUMN `make_attachment_public` tinyint NOT NULL DEFAULT 0, ADD COLUMN `documentation_url` varchar(140), ADD COLUMN `placeholder` varchar(140)
2025-04-07 10:32:06,902 WARNING database DDL Query made to DB:
CREATE USER IF NOT EXISTS '_4b3d7917894cc931'@'172.19.0.6' IDENTIFIED BY '7druQ9mnSBHSp0Hy'
2025-04-07 10:32:06,936 WARNING database DDL Query made to DB:
DROP DATABASE IF EXISTS `_4b3d7917894cc931`
2025-04-07 10:32:06,938 WARNING database DDL Query made to DB:
CREATE DATABASE `_4b3d7917894cc931` CHARACTER SET utf8mb4 COLLATE utf8mb4_unicode_ci
2025-04-07 10:32:06,988 WARNING database DDL Query made to DB:
create table if not exists `__Auth` (
				`doctype` VARCHAR(140) NOT NULL,
				`name` VARCHAR(255) NOT NULL,
				`fieldname` VARCHAR(140) NOT NULL,
				`password` TEXT NOT NULL,
				`encrypted` TINYINT NOT NULL DEFAULT 0,
				PRIMARY KEY (`doctype`, `name`, `fieldname`)
			) ENGINE=InnoDB ROW_FORMAT=DYNAMIC CHARACTER SET=utf8mb4 COLLATE=utf8mb4_unicode_ci
2025-04-07 10:32:06,990 WARNING database DDL Query made to DB:
create table __global_search(
				doctype varchar(100),
				name varchar(140),
				title varchar(140),
				content text,
				fulltext(content),
				route varchar(140),
				published TINYINT not null default 0,
				unique `doctype_name` (doctype, name))
				COLLATE=utf8mb4_unicode_ci
				ENGINE=MyISAM
				CHARACTER SET=utf8mb4
2025-04-07 10:32:06,992 WARNING database DDL Query made to DB:
create table if not exists __UserSettings (
			`user` VARCHAR(180) NOT NULL,
			`doctype` VARCHAR(180) NOT NULL,
			`data` TEXT,
			UNIQUE(user, doctype)
			) ENGINE=InnoDB DEFAULT CHARSET=utf8mb4 COLLATE=utf8mb4_unicode_ci
2025-04-07 10:32:07,186 WARNING database DDL Query made to DB:
create table `tabDocType State` (
			name varchar(140) primary key,
			creation datetime(6),
			modified datetime(6),
			modified_by varchar(140),
			owner varchar(140),
			docstatus tinyint not null default '0',
			idx int not null default '0',
			`title` varchar(140),
`color` varchar(140) DEFAULT 'Blue',
`custom` tinyint NOT NULL DEFAULT 0,
parent varchar(140),
parentfield varchar(140),
parenttype varchar(140),
index parent(parent))
			ENGINE=InnoDB
			ROW_FORMAT=DYNAMIC
			CHARACTER SET=utf8mb4
			COLLATE=utf8mb4_unicode_ci
2025-04-07 10:32:07,262 WARNING database DDL Query made to DB:
ALTER TABLE `tabDocField` ADD COLUMN `non_negative` tinyint NOT NULL DEFAULT 0, ADD COLUMN `is_virtual` tinyint NOT NULL DEFAULT 0, ADD COLUMN `not_nullable` tinyint NOT NULL DEFAULT 0, ADD COLUMN `sort_options` tinyint NOT NULL DEFAULT 0, ADD COLUMN `link_filters` json, ADD COLUMN `fetch_from` text, ADD COLUMN `show_on_timeline` tinyint NOT NULL DEFAULT 0, ADD COLUMN `sticky` tinyint NOT NULL DEFAULT 0, ADD COLUMN `make_attachment_public` tinyint NOT NULL DEFAULT 0, ADD COLUMN `documentation_url` varchar(140), ADD COLUMN `placeholder` varchar(140)
2025-04-07 10:32:17,060 WARNING database DDL Query made to DB:
DROP DATABASE IF EXISTS `_d8644a1a81a3ce5f`
2025-04-07 10:32:17,061 WARNING database DDL Query made to DB:
DROP USER IF EXISTS '_d8644a1a81a3ce5f'@'%'
2025-04-07 10:32:17,062 WARNING database DDL Query made to DB:
DROP USER IF EXISTS '_d8644a1a81a3ce5f'@'172.19.0.6'
